Сборка начата 26.11.2016 12:42:39.
     1>Проект "C:\Users\Андрей\Documents\Visual Studio 2013\Projects\Texnopark\Алгоритмы\модуль 2\2\ConsoleApplication1\ConsoleApplication1\ConsoleApplication1.vcxproj" в узле 2 (целевые объекты Build).
     1>ClCompile:
         C:\Program Files (x86)\Microsoft Visual Studio 12.0\VC\bin\CL.exe /c /ZI /nologo /W3 /WX- /Od /Oy- /D WIN32 /D _DEBUG /D _CONSOLE /D _LIB /D _UNICODE /D UNICODE /Gm /EHsc /RTC1 /MDd /GS /fp:precise /Zc:wchar_t /Zc:forScope /Fo"Debug\\" /Fd"Debug\vc120.pdb" /Gd /TP /analyze- /errorReport:prompt "Исходный код.cpp"
         Исходный код.cpp
     1>c:\users\андрей\documents\visual studio 2013\projects\texnopark\алгоритмы\модуль 2\2\consoleapplication1\consoleapplication1\исходный код.cpp(126): warning C4244: аргумент: преобразование "__int64" в "unsigned int", возможна потеря данных
     1>c:\users\андрей\documents\visual studio 2013\projects\texnopark\алгоритмы\модуль 2\2\consoleapplication1\consoleapplication1\исходный код.cpp(76): warning C4244: инициализация: преобразование "__int64" в "int", возможна потеря данных
                 c:\users\андрей\documents\visual studio 2013\projects\texnopark\алгоритмы\модуль 2\2\consoleapplication1\consoleapplication1\исходный код.cpp(72): при компиляции функции-члена "void heap<__int64>::heap_make(__int64)" класса шаблон
                 c:\users\андрей\documents\visual studio 2013\projects\texnopark\алгоритмы\модуль 2\2\consoleapplication1\consoleapplication1\исходный код.cpp(100): см. ссылку на создание экземпляров функции шаблон при компиляции "void heap<__int64>::heap_make(__int64)"
                 c:\users\андрей\documents\visual studio 2013\projects\texnopark\алгоритмы\модуль 2\2\consoleapplication1\consoleapplication1\исходный код.cpp(23): при компиляции функции-члена "heap<__int64>::heap(void)" класса шаблон
                 c:\users\андрей\documents\visual studio 2013\projects\texnopark\алгоритмы\модуль 2\2\consoleapplication1\consoleapplication1\исходный код.cpp(116): см. ссылку на создание экземпляров функции шаблон при компиляции "heap<__int64>::heap(void)"
                 c:\users\андрей\documents\visual studio 2013\projects\texnopark\алгоритмы\модуль 2\2\consoleapplication1\consoleapplication1\исходный код.cpp(116): см. ссылку на создание экземпляров класса шаблон при компиляции "heap<__int64>"
     1>c:\users\андрей\documents\visual studio 2013\projects\texnopark\алгоритмы\модуль 2\2\consoleapplication1\consoleapplication1\исходный код.cpp(80): warning C4244: аргумент: преобразование "__int64" в "unsigned int", возможна потеря данных
     1>c:\users\андрей\documents\visual studio 2013\projects\texnopark\алгоритмы\модуль 2\2\consoleapplication1\consoleapplication1\исходный код.cpp(81): warning C4244: аргумент: преобразование "__int64" в "unsigned int", возможна потеря данных
     1>c:\users\андрей\documents\visual studio 2013\projects\texnopark\алгоритмы\модуль 2\2\consoleapplication1\consoleapplication1\исходный код.cpp(82): warning C4244: аргумент: преобразование "__int64" в "unsigned int", возможна потеря данных
     1>c:\users\андрей\documents\visual studio 2013\projects\texnopark\алгоритмы\модуль 2\2\consoleapplication1\consoleapplication1\исходный код.cpp(53): warning C4244: аргумент: преобразование "__int64" в "unsigned int", возможна потеря данных
                 c:\users\андрей\documents\visual studio 2013\projects\texnopark\алгоритмы\модуль 2\2\consoleapplication1\consoleapplication1\исходный код.cpp(51): при компиляции функции-члена "void heap<__int64>::heap_insert(__int64,T,__int64)" класса шаблон
                 with
                 [
                     T=__int64
                 ]
                 c:\users\андрей\documents\visual studio 2013\projects\texnopark\алгоритмы\модуль 2\2\consoleapplication1\consoleapplication1\исходный код.cpp(105): см. ссылку на создание экземпляров функции шаблон при компиляции "void heap<__int64>::heap_insert(__int64,T,__int64)"
                 with
                 [
                     T=__int64
                 ]
     1>c:\users\андрей\documents\visual studio 2013\projects\texnopark\алгоритмы\модуль 2\2\consoleapplication1\consoleapplication1\исходный код.cpp(54): warning C4244: аргумент: преобразование "__int64" в "unsigned int", возможна потеря данных
     1>c:\users\андрей\documents\visual studio 2013\projects\texnopark\алгоритмы\модуль 2\2\consoleapplication1\consoleapplication1\исходный код.cpp(60): warning C4244: инициализация: преобразование "__int64" в "int", возможна потеря данных
     1>c:\users\андрей\documents\visual studio 2013\projects\texnopark\алгоритмы\модуль 2\2\consoleapplication1\consoleapplication1\исходный код.cpp(32): warning C4244: аргумент: преобразование "__int64" в "unsigned int", возможна потеря данных
                 c:\users\андрей\documents\visual studio 2013\projects\texnopark\алгоритмы\модуль 2\2\consoleapplication1\consoleapplication1\исходный код.cpp(31): при компиляции функции-члена "__int64 heap<__int64>::heap_pop(__int64)" класса шаблон
                 c:\users\андрей\documents\visual studio 2013\projects\texnopark\алгоритмы\модуль 2\2\consoleapplication1\consoleapplication1\исходный код.cpp(107): см. ссылку на создание экземпляров функции шаблон при компиляции "__int64 heap<__int64>::heap_pop(__int64)"
     1>c:\users\андрей\documents\visual studio 2013\projects\texnopark\алгоритмы\модуль 2\2\consoleapplication1\consoleapplication1\исходный код.cpp(33): warning C4244: аргумент: преобразование "__int64" в "unsigned int", возможна потеря данных
     1>c:\users\андрей\documents\visual studio 2013\projects\texnopark\алгоритмы\модуль 2\2\consoleapplication1\consoleapplication1\исходный код.cpp(37): warning C4244: аргумент: преобразование "__int64" в "unsigned int", возможна потеря данных
     1>c:\users\андрей\documents\visual studio 2013\projects\texnopark\алгоритмы\модуль 2\2\consoleapplication1\consoleapplication1\исходный код.cpp(40): warning C4244: аргумент: преобразование "__int64" в "unsigned int", возможна потеря данных
     1>c:\users\андрей\documents\visual studio 2013\projects\texnopark\алгоритмы\модуль 2\2\consoleapplication1\consoleapplication1\исходный код.cpp(41): warning C4244: аргумент: преобразование "__int64" в "unsigned int", возможна потеря данных
     1>c:\users\андрей\documents\visual studio 2013\projects\texnopark\алгоритмы\модуль 2\2\consoleapplication1\consoleapplication1\исходный код.cpp(42): warning C4244: аргумент: преобразование "__int64" в "unsigned int", возможна потеря данных
     1>c:\users\андрей\documents\visual studio 2013\projects\texnopark\алгоритмы\модуль 2\2\consoleapplication1\consoleapplication1\исходный код.cpp(47): warning C4244: аргумент: преобразование "__int64" в "unsigned int", возможна потеря данных
       Link:
         C:\Program Files (x86)\Microsoft Visual Studio 12.0\VC\bin\link.exe /ERRORREPORT:PROMPT /OUT:"C:\Users\Андрей\Documents\Visual Studio 2013\Projects\Texnopark\Алгоритмы\модуль 2\2\ConsoleApplication1\Debug\ConsoleApplication1.exe" /INCREMENTAL /NOLOGO kernel32.lib user32.lib gdi32.lib winspool.lib comdlg32.lib advapi32.lib shell32.lib ole32.lib oleaut32.lib uuid.lib odbc32.lib odbccp32.lib /MANIFEST /MANIFESTUAC:"level='asInvoker' uiAccess='false'" /manifest:embed /DEBUG /PDB:"C:\Users\Андрей\Documents\Visual Studio 2013\Projects\Texnopark\Алгоритмы\модуль 2\2\ConsoleApplication1\Debug\ConsoleApplication1.pdb" /SUBSYSTEM:CONSOLE /TLBID:1 /DYNAMICBASE /NXCOMPAT /IMPLIB:"C:\Users\Андрей\Documents\Visual Studio 2013\Projects\Texnopark\Алгоритмы\модуль 2\2\ConsoleApplication1\Debug\ConsoleApplication1.lib" /MACHINE:X86 "Debug\Исходный код.obj"
         ConsoleApplication1.vcxproj -> C:\Users\Андрей\Documents\Visual Studio 2013\Projects\Texnopark\Алгоритмы\модуль 2\2\ConsoleApplication1\Debug\ConsoleApplication1.exe
     1>Сборка проекта "C:\Users\Андрей\Documents\Visual Studio 2013\Projects\Texnopark\Алгоритмы\модуль 2\2\ConsoleApplication1\ConsoleApplication1\ConsoleApplication1.vcxproj" завершена (целевые объекты Build).

Сборка успешно завершена.

Затраченное время: 00:00:02.71
