Сборка начата 12.11.2016 11:12:47.
     1>Проект "C:\Users\Андрей\Documents\Visual Studio 2013\Projects\Texnopark\Алгоритмы\модуль 2\5\ConsoleApplication1\ConsoleApplication1\ConsoleApplication1.vcxproj" в узле 2 (целевые объекты Build).
     1>ClCompile:
         C:\Program Files (x86)\Microsoft Visual Studio 12.0\VC\bin\CL.exe /c /ZI /nologo /W3 /WX- /Od /Oy- /D WIN32 /D _DEBUG /D _CONSOLE /D _LIB /D _UNICODE /D UNICODE /Gm /EHsc /RTC1 /MDd /GS /fp:precise /Zc:wchar_t /Zc:forScope /Fo"Debug\\" /Fd"Debug\vc120.pdb" /Gd /TP /analyze- /errorReport:prompt "Исходный код.cpp"
         Исходный код.cpp
     1>c:\users\андрей\documents\visual studio 2013\projects\texnopark\алгоритмы\модуль 2\5\consoleapplication1\consoleapplication1\исходный код.cpp(65): warning C4244: аргумент: преобразование "__int64" в "unsigned int", возможна потеря данных
     1>c:\users\андрей\documents\visual studio 2013\projects\texnopark\алгоритмы\модуль 2\5\consoleapplication1\consoleapplication1\исходный код.cpp(75): warning C4244: инициализация: преобразование "__int64" в "int", возможна потеря данных
     1>c:\users\андрей\documents\visual studio 2013\projects\texnopark\алгоритмы\модуль 2\5\consoleapplication1\consoleapplication1\исходный код.cpp(45): warning C4244: инициализация: преобразование "__int64" в "unsigned int", возможна потеря данных
                 c:\users\андрей\documents\visual studio 2013\projects\texnopark\алгоритмы\модуль 2\5\consoleapplication1\consoleapplication1\исходный код.cpp(83): см. ссылку на создание экземпляров функции шаблон при компиляции "void merge_arr<__int64>(T *,T *,__int64,__int64)"
                 with
                 [
                     T=__int64
                 ]
     1>c:\users\андрей\documents\visual studio 2013\projects\texnopark\алгоритмы\модуль 2\5\consoleapplication1\consoleapplication1\исходный код.cpp(16): warning C4244: инициализация: преобразование "__int64" в "unsigned int", возможна потеря данных
                 c:\users\андрей\documents\visual studio 2013\projects\texnopark\алгоритмы\модуль 2\5\consoleapplication1\consoleapplication1\исходный код.cpp(40): см. ссылку на создание экземпляров функции шаблон при компиляции "void merge<T>(T *,__int64,__int64,__int64,bool (__cdecl *)(const T &,const T &))"
                 with
                 [
                     T=__int64
                 ]
                 c:\users\андрей\documents\visual studio 2013\projects\texnopark\алгоритмы\модуль 2\5\consoleapplication1\consoleapplication1\исходный код.cpp(77): см. ссылку на создание экземпляров функции шаблон при компиляции "void merge_sort<__int64>(T *,__int64,__int64,bool (__cdecl *)(const T &,const T &))"
                 with
                 [
                     T=__int64
                 ]
       Link:
         C:\Program Files (x86)\Microsoft Visual Studio 12.0\VC\bin\link.exe /ERRORREPORT:PROMPT /OUT:"C:\Users\Андрей\Documents\Visual Studio 2013\Projects\Texnopark\Алгоритмы\модуль 2\5\ConsoleApplication1\Debug\ConsoleApplication1.exe" /INCREMENTAL /NOLOGO kernel32.lib user32.lib gdi32.lib winspool.lib comdlg32.lib advapi32.lib shell32.lib ole32.lib oleaut32.lib uuid.lib odbc32.lib odbccp32.lib /MANIFEST /MANIFESTUAC:"level='asInvoker' uiAccess='false'" /manifest:embed /DEBUG /PDB:"C:\Users\Андрей\Documents\Visual Studio 2013\Projects\Texnopark\Алгоритмы\модуль 2\5\ConsoleApplication1\Debug\ConsoleApplication1.pdb" /SUBSYSTEM:CONSOLE /TLBID:1 /DYNAMICBASE /NXCOMPAT /IMPLIB:"C:\Users\Андрей\Documents\Visual Studio 2013\Projects\Texnopark\Алгоритмы\модуль 2\5\ConsoleApplication1\Debug\ConsoleApplication1.lib" /MACHINE:X86 "Debug\Исходный код.obj"
         ConsoleApplication1.vcxproj -> C:\Users\Андрей\Documents\Visual Studio 2013\Projects\Texnopark\Алгоритмы\модуль 2\5\ConsoleApplication1\Debug\ConsoleApplication1.exe
     1>Сборка проекта "C:\Users\Андрей\Documents\Visual Studio 2013\Projects\Texnopark\Алгоритмы\модуль 2\5\ConsoleApplication1\ConsoleApplication1\ConsoleApplication1.vcxproj" завершена (целевые объекты Build).

Сборка успешно завершена.

Затраченное время: 00:00:01.92
