Сборка начата 26.11.2016 7:41:59.
     1>Проект "C:\Users\Андрей\Documents\Visual Studio 2013\Projects\Texnopark\Алгоритмы\модуль 2\7\контест\ConsoleApplication1\ConsoleApplication1\ConsoleApplication1.vcxproj" в узле 2 (целевые объекты Build).
     1>ClCompile:
         C:\Program Files (x86)\Microsoft Visual Studio 12.0\VC\bin\CL.exe /c /ZI /nologo /W3 /WX- /Od /Oy- /D WIN32 /D _DEBUG /D _CONSOLE /D _LIB /D _UNICODE /D UNICODE /Gm /EHsc /RTC1 /MDd /GS /fp:precise /Zc:wchar_t /Zc:forScope /Fo"Debug\\" /Fd"Debug\vc120.pdb" /Gd /TP /analyze- /errorReport:prompt "Исходный код.cpp"
         Исходный код.cpp
     1>c:\users\андрей\documents\visual studio 2013\projects\texnopark\алгоритмы\модуль 2\7\контест\consoleapplication1\consoleapplication1\исходный код.cpp(73): warning C4521: BlackInt: заданы несколько конструкторов копии
     1>c:\users\андрей\documents\visual studio 2013\projects\texnopark\алгоритмы\модуль 2\7\контест\consoleapplication1\consoleapplication1\исходный код.cpp(108): warning C4996: 'scanf': This function or variable may be unsafe. Consider using scanf_s instead. To disable deprecation, use _CRT_SECURE_NO_WARNINGS. See online help for details.
                 c:\program files (x86)\microsoft visual studio 12.0\vc\include\stdio.h(283): см. объявление "scanf"
     1>c:\users\андрей\documents\visual studio 2013\projects\texnopark\алгоритмы\модуль 2\7\контест\consoleapplication1\consoleapplication1\исходный код.cpp(123): error C2676: бинарный "++": "BlackInt" не определяет этот оператор или преобразование к типу приемлемо к встроенному оператору
     1>c:\users\андрей\documents\visual studio 2013\projects\texnopark\алгоритмы\модуль 2\7\контест\consoleapplication1\consoleapplication1\исходный код.cpp(124): error C2677: бинарный "[": не найден глобальный оператор, принимающий тип "BlackInt" (или приемлемое преобразование отсутствует)
     1>c:\users\андрей\documents\visual studio 2013\projects\texnopark\алгоритмы\модуль 2\7\контест\consoleapplication1\consoleapplication1\исходный код.cpp(124): error C2512: BlackInt::BlackInt: нет подходящего конструктора по умолчанию
     1>c:\users\андрей\documents\visual studio 2013\projects\texnopark\алгоритмы\модуль 2\7\контест\consoleapplication1\consoleapplication1\исходный код.cpp(125): error C2440: инициализация: невозможно преобразовать "int" в "BlackInt"
                 Конструктор для class "BlackInt" объявлен как "explicit"
     1>c:\users\андрей\documents\visual studio 2013\projects\texnopark\алгоритмы\модуль 2\7\контест\consoleapplication1\consoleapplication1\исходный код.cpp(126): error C2784: unknown-type std::operator -(std::move_iterator<_RanIt> &,const std::move_iterator<_RanIt2> &): не удалось вывести аргумент шаблон для "std::move_iterator<_RanIt> &" из "BlackInt"
                 c:\program files (x86)\microsoft visual studio 12.0\vc\include\xutility(1969): см. объявление "std::operator -"
     1>c:\users\андрей\documents\visual studio 2013\projects\texnopark\алгоритмы\модуль 2\7\контест\consoleapplication1\consoleapplication1\исходный код.cpp(126): error C2784: unknown-type std::operator -(const std::reverse_iterator<_RanIt> &,const std::reverse_iterator<_RanIt2> &): не удалось вывести аргумент шаблон для "const std::reverse_iterator<_RanIt> &" из "BlackInt"
                 c:\program files (x86)\microsoft visual studio 12.0\vc\include\xutility(1130): см. объявление "std::operator -"
     1>c:\users\андрей\documents\visual studio 2013\projects\texnopark\алгоритмы\модуль 2\7\контест\consoleapplication1\consoleapplication1\исходный код.cpp(126): error C2784: unknown-type std::operator -(const std::_Revranit<_RanIt,_Base> &,const std::_Revranit<_RanIt2,_Base2> &): не удалось вывести аргумент шаблон для "const std::_Revranit<_RanIt,_Base> &" из "BlackInt"
                 c:\program files (x86)\microsoft visual studio 12.0\vc\include\xutility(937): см. объявление "std::operator -"
     1>c:\users\андрей\documents\visual studio 2013\projects\texnopark\алгоритмы\модуль 2\7\контест\consoleapplication1\consoleapplication1\исходный код.cpp(126): error C2676: бинарный "-": "BlackInt" не определяет этот оператор или преобразование к типу приемлемо к встроенному оператору
     1>c:\users\андрей\documents\visual studio 2013\projects\texnopark\алгоритмы\модуль 2\7\контест\consoleapplication1\consoleapplication1\исходный код.cpp(126): error C2679: бинарный ">=": не найден оператор, принимающий правый операнд типа "int" (или приемлемое преобразование отсутствует)
                 c:\users\андрей\documents\visual studio 2013\projects\texnopark\алгоритмы\модуль 2\7\контест\consoleapplication1\consoleapplication1\исходный код.cpp(42): может быть "bool BlackInt::operator >=(const BlackInt &) const"
                 при попытке сопоставить список аргументов "(BlackInt, int)"
     1>c:\users\андрей\documents\visual studio 2013\projects\texnopark\алгоритмы\модуль 2\7\контест\consoleapplication1\consoleapplication1\исходный код.cpp(126): error C2677: бинарный "[": не найден глобальный оператор, принимающий тип "BlackInt" (или приемлемое преобразование отсутствует)
     1>c:\users\андрей\documents\visual studio 2013\projects\texnopark\алгоритмы\модуль 2\7\контест\consoleapplication1\consoleapplication1\исходный код.cpp(126): error C2676: бинарный "--": "BlackInt" не определяет этот оператор или преобразование к типу приемлемо к встроенному оператору
     1>c:\users\андрей\documents\visual studio 2013\projects\texnopark\алгоритмы\модуль 2\7\контест\consoleapplication1\consoleapplication1\исходный код.cpp(127): error C2784: std::_Deque_iterator<_Mydeque> std::operator +(_Deque_iterator<_Mydeque>::difference_type,std::_Deque_iterator<_Mydeque>): не удалось вывести аргумент шаблон для "std::_Deque_iterator<_Mydeque>" из "int"
                 c:\program files (x86)\microsoft visual studio 12.0\vc\include\deque(688): см. объявление "std::operator +"
     1>c:\users\андрей\documents\visual studio 2013\projects\texnopark\алгоритмы\модуль 2\7\контест\consoleapplication1\consoleapplication1\исходный код.cpp(127): error C2784: std::_Deque_const_iterator<_Mydeque> std::operator +(_Deque_const_iterator<_Mydeque>::difference_type,std::_Deque_const_iterator<_Mydeque>): не удалось вывести аргумент шаблон для "std::_Deque_const_iterator<_Mydeque>" из "int"
                 c:\program files (x86)\microsoft visual studio 12.0\vc\include\deque(555): см. объявление "std::operator +"
     1>c:\users\андрей\documents\visual studio 2013\projects\texnopark\алгоритмы\модуль 2\7\контест\consoleapplication1\consoleapplication1\исходный код.cpp(127): error C2784: std::_Deque_unchecked_iterator<_Mydeque> std::operator +(_Deque_unchecked_iterator<_Mydeque>::difference_type,std::_Deque_unchecked_iterator<_Mydeque>): не удалось вывести аргумент шаблон для "std::_Deque_unchecked_iterator<_Mydeque>" из "int"
                 c:\program files (x86)\microsoft visual studio 12.0\vc\include\deque(271): см. объявление "std::operator +"
     1>c:\users\андрей\documents\visual studio 2013\projects\texnopark\алгоритмы\модуль 2\7\контест\consoleapplication1\consoleapplication1\исходный код.cpp(127): error C2784: std::_Deque_unchecked_const_iterator<_Mydeque> std::operator +(_Deque_unchecked_const_iterator<_Mydeque>::difference_type,std::_Deque_unchecked_const_iterator<_Mydeque>): не удалось вывести аргумент шаблон для "std::_Deque_unchecked_const_iterator<_Mydeque>" из "int"
                 c:\program files (x86)\microsoft visual studio 12.0\vc\include\deque(166): см. объявление "std::operator +"
     1>c:\users\андрей\documents\visual studio 2013\projects\texnopark\алгоритмы\модуль 2\7\контест\consoleapplication1\consoleapplication1\исходный код.cpp(127): error C2784: std::_Vb_iterator<_Alloc> std::operator +(_Alloc::difference_type,std::_Vb_iterator<_Alloc>): не удалось вывести аргумент шаблон для "std::_Vb_iterator<_Alloc>" из "int"
                 c:\program files (x86)\microsoft visual studio 12.0\vc\include\vector(2298): см. объявление "std::operator +"
     1>c:\users\андрей\documents\visual studio 2013\projects\texnopark\алгоритмы\модуль 2\7\контест\consoleapplication1\consoleapplication1\исходный код.cpp(127): error C2784: std::_Vb_const_iterator<_Alloc> std::operator +(_Alloc::difference_type,std::_Vb_const_iterator<_Alloc>): не удалось вывести аргумент шаблон для "std::_Vb_const_iterator<_Alloc>" из "int"
                 c:\program files (x86)\microsoft visual studio 12.0\vc\include\vector(2191): см. объявление "std::operator +"
     1>c:\users\андрей\documents\visual studio 2013\projects\texnopark\алгоритмы\модуль 2\7\контест\consoleapplication1\consoleapplication1\исходный код.cpp(127): error C2784: std::_Vector_iterator<_Myvec> std::operator +(_Vector_iterator<_Myvec>::difference_type,std::_Vector_iterator<_Myvec>): не удалось вывести аргумент шаблон для "std::_Vector_iterator<_Myvec>" из "int"
                 c:\program files (x86)\microsoft visual studio 12.0\vc\include\vector(409): см. объявление "std::operator +"
     1>c:\users\андрей\documents\visual studio 2013\projects\texnopark\алгоритмы\модуль 2\7\контест\consoleapplication1\consoleapplication1\исходный код.cpp(127): error C2784: std::_Vector_const_iterator<_Myvec> std::operator +(_Vector_const_iterator<_Myvec>::difference_type,std::_Vector_const_iterator<_Myvec>): не удалось вывести аргумент шаблон для "std::_Vector_const_iterator<_Myvec>" из "int"
                 c:\program files (x86)\microsoft visual studio 12.0\vc\include\vector(278): см. объявление "std::operator +"
     1>c:\users\андрей\documents\visual studio 2013\projects\texnopark\алгоритмы\модуль 2\7\контест\consoleapplication1\consoleapplication1\исходный код.cpp(127): error C2784: std::basic_string<_Elem,_Traits,_Alloc> std::operator +(std::basic_string<_Elem,_Traits,_Alloc> &&,const _Elem): не удалось вывести аргумент шаблон для "std::basic_string<_Elem,_Traits,_Alloc> &&" из "BlackInt"
                 c:\program files (x86)\microsoft visual studio 12.0\vc\include\xstring(2455): см. объявление "std::operator +"
     1>c:\users\андрей\documents\visual studio 2013\projects\texnopark\алгоритмы\модуль 2\7\контест\consoleapplication1\consoleapplication1\исходный код.cpp(127): error C2784: std::basic_string<_Elem,_Traits,_Alloc> std::operator +(std::basic_string<_Elem,_Traits,_Alloc> &&,const _Elem *): не удалось вывести аргумент шаблон для "std::basic_string<_Elem,_Traits,_Alloc> &&" из "BlackInt"
                 c:\program files (x86)\microsoft visual studio 12.0\vc\include\xstring(2445): см. объявление "std::operator +"
     1>c:\users\андрей\documents\visual studio 2013\projects\texnopark\алгоритмы\модуль 2\7\контест\consoleapplication1\consoleapplication1\исходный код.cpp(127): error C2784: std::basic_string<_Elem,_Traits,_Alloc> std::operator +(const _Elem,std::basic_string<_Elem,_Traits,_Alloc> &&): не удалось вывести аргумент шаблон для "std::basic_string<_Elem,_Traits,_Alloc> &&" из "int"
                 c:\program files (x86)\microsoft visual studio 12.0\vc\include\xstring(2435): см. объявление "std::operator +"
     1>c:\users\андрей\documents\visual studio 2013\projects\texnopark\алгоритмы\модуль 2\7\контест\consoleapplication1\consoleapplication1\исходный код.cpp(127): error C2784: std::basic_string<_Elem,_Traits,_Alloc> std::operator +(const _Elem *,std::basic_string<_Elem,_Traits,_Alloc> &&): не удалось вывести аргумент шаблон для "const _Elem *" из "BlackInt"
                 c:\program files (x86)\microsoft visual studio 12.0\vc\include\xstring(2425): см. объявление "std::operator +"
     1>c:\users\андрей\documents\visual studio 2013\projects\texnopark\алгоритмы\модуль 2\7\контест\consoleapplication1\consoleapplication1\исходный код.cpp(127): error C2784: std::basic_string<_Elem,_Traits,_Alloc> std::operator +(std::basic_string<_Elem,_Traits,_Alloc> &&,std::basic_string<_Elem,_Traits,_Alloc> &&): не удалось вывести аргумент шаблон для "std::basic_string<_Elem,_Traits,_Alloc> &&" из "BlackInt"
                 c:\program files (x86)\microsoft visual studio 12.0\vc\include\xstring(2411): см. объявление "std::operator +"
     1>c:\users\андрей\documents\visual studio 2013\projects\texnopark\алгоритмы\модуль 2\7\контест\consoleapplication1\consoleapplication1\исходный код.cpp(127): error C2784: std::basic_string<_Elem,_Traits,_Alloc> std::operator +(std::basic_string<_Elem,_Traits,_Alloc> &&,const std::basic_string<_Elem,_Traits,_Alloc> &): не удалось вывести аргумент шаблон для "std::basic_string<_Elem,_Traits,_Alloc> &&" из "BlackInt"
                 c:\program files (x86)\microsoft visual studio 12.0\vc\include\xstring(2401): см. объявление "std::operator +"
     1>c:\users\андрей\documents\visual studio 2013\projects\texnopark\алгоритмы\модуль 2\7\контест\consoleapplication1\consoleapplication1\исходный код.cpp(127): error C2784: std::basic_string<_Elem,_Traits,_Alloc> std::operator +(const std::basic_string<_Elem,_Traits,_Alloc> &,std::basic_string<_Elem,_Traits,_Alloc> &&): не удалось вывести аргумент шаблон для "const std::basic_string<_Elem,_Traits,_Alloc> &" из "BlackInt"
                 c:\program files (x86)\microsoft visual studio 12.0\vc\include\xstring(2391): см. объявление "std::operator +"
     1>c:\users\андрей\documents\visual studio 2013\projects\texnopark\алгоритмы\модуль 2\7\контест\consoleapplication1\consoleapplication1\исходный код.cpp(127): error C2784: std::basic_string<_Elem,_Traits,_Alloc> std::operator +(const std::basic_string<_Elem,_Traits,_Alloc> &,const _Elem): не удалось вывести аргумент шаблон для "const std::basic_string<_Elem,_Traits,_Alloc> &" из "BlackInt"
                 c:\program files (x86)\microsoft visual studio 12.0\vc\include\xstring(2377): см. объявление "std::operator +"
     1>c:\users\андрей\documents\visual studio 2013\projects\texnopark\алгоритмы\модуль 2\7\контест\consoleapplication1\consoleapplication1\исходный код.cpp(127): error C2784: std::basic_string<_Elem,_Traits,_Alloc> std::operator +(const std::basic_string<_Elem,_Traits,_Alloc> &,const _Elem *): не удалось вывести аргумент шаблон для "const std::basic_string<_Elem,_Traits,_Alloc> &" из "BlackInt"
                 c:\program files (x86)\microsoft visual studio 12.0\vc\include\xstring(2363): см. объявление "std::operator +"
     1>c:\users\андрей\documents\visual studio 2013\projects\texnopark\алгоритмы\модуль 2\7\контест\consoleapplication1\consoleapplication1\исходный код.cpp(127): error C2784: std::basic_string<_Elem,_Traits,_Alloc> std::operator +(const _Elem,const std::basic_string<_Elem,_Traits,_Alloc> &): не удалось вывести аргумент шаблон для "const std::basic_string<_Elem,_Traits,_Alloc> &" из "int"
                 c:\program files (x86)\microsoft visual studio 12.0\vc\include\xstring(2349): см. объявление "std::operator +"
     1>c:\users\андрей\documents\visual studio 2013\projects\texnopark\алгоритмы\модуль 2\7\контест\consoleapplication1\consoleapplication1\исходный код.cpp(127): error C2784: std::basic_string<_Elem,_Traits,_Alloc> std::operator +(const _Elem *,const std::basic_string<_Elem,_Traits,_Alloc> &): не удалось вывести аргумент шаблон для "const _Elem *" из "BlackInt"
                 c:\program files (x86)\microsoft visual studio 12.0\vc\include\xstring(2335): см. объявление "std::operator +"
     1>c:\users\андрей\documents\visual studio 2013\projects\texnopark\алгоритмы\модуль 2\7\контест\consoleapplication1\consoleapplication1\исходный код.cpp(127): error C2784: std::basic_string<_Elem,_Traits,_Alloc> std::operator +(const std::basic_string<_Elem,_Traits,_Alloc> &,const std::basic_string<_Elem,_Traits,_Alloc> &): не удалось вывести аргумент шаблон для "const std::basic_string<_Elem,_Traits,_Alloc> &" из "BlackInt"
                 c:\program files (x86)\microsoft visual studio 12.0\vc\include\xstring(2321): см. объявление "std::operator +"
     1>c:\users\андрей\documents\visual studio 2013\projects\texnopark\алгоритмы\модуль 2\7\контест\consoleapplication1\consoleapplication1\исходный код.cpp(127): error C2784: std::_String_iterator<_Mystr> std::operator +(_String_iterator<_Mystr>::difference_type,std::_String_iterator<_Mystr>): не удалось вывести аргумент шаблон для "std::_String_iterator<_Mystr>" из "int"
                 c:\program files (x86)\microsoft visual studio 12.0\vc\include\xstring(420): см. объявление "std::operator +"
     1>c:\users\андрей\documents\visual studio 2013\projects\texnopark\алгоритмы\модуль 2\7\контест\consoleapplication1\consoleapplication1\исходный код.cpp(127): error C2784: std::_String_const_iterator<_Mystr> std::operator +(_String_const_iterator<_Mystr>::difference_type,std::_String_const_iterator<_Mystr>): не удалось вывести аргумент шаблон для "std::_String_const_iterator<_Mystr>" из "int"
                 c:\program files (x86)\microsoft visual studio 12.0\vc\include\xstring(288): см. объявление "std::operator +"
     1>c:\users\андрей\documents\visual studio 2013\projects\texnopark\алгоритмы\модуль 2\7\контест\consoleapplication1\consoleapplication1\исходный код.cpp(127): error C2784: std::move_iterator<_RanIt> std::operator +(_Diff,const std::move_iterator<_RanIt> &): не удалось вывести аргумент шаблон для "const std::move_iterator<_RanIt> &" из "int"
                 c:\program files (x86)\microsoft visual studio 12.0\vc\include\xutility(1961): см. объявление "std::operator +"
     1>c:\users\андрей\documents\visual studio 2013\projects\texnopark\алгоритмы\модуль 2\7\контест\consoleapplication1\consoleapplication1\исходный код.cpp(127): error C2784: std::_Array_iterator<_Ty,_Size> std::operator +(_Array_iterator<_Ty,_Size>::difference_type,std::_Array_iterator<_Ty,_Size>): не удалось вывести аргумент шаблон для "std::_Array_iterator<_Ty,_Size>" из "int"
                 c:\program files (x86)\microsoft visual studio 12.0\vc\include\xutility(1815): см. объявление "std::operator +"
     1>c:\users\андрей\documents\visual studio 2013\projects\texnopark\алгоритмы\модуль 2\7\контест\consoleapplication1\consoleapplication1\исходный код.cpp(127): error C2784: std::_Array_const_iterator<_Ty,_Size> std::operator +(_Array_const_iterator<_Ty,_Size>::difference_type,std::_Array_const_iterator<_Ty,_Size>): не удалось вывести аргумент шаблон для "std::_Array_const_iterator<_Ty,_Size>" из "int"
                 c:\program files (x86)\microsoft visual studio 12.0\vc\include\xutility(1676): см. объявление "std::operator +"
     1>c:\users\андрей\documents\visual studio 2013\projects\texnopark\алгоритмы\модуль 2\7\контест\consoleapplication1\consoleapplication1\исходный код.cpp(127): error C2784: std::reverse_iterator<_RanIt> std::operator +(_Diff,const std::reverse_iterator<_RanIt> &): не удалось вывести аргумент шаблон для "const std::reverse_iterator<_RanIt> &" из "int"
                 c:\program files (x86)\microsoft visual studio 12.0\vc\include\xutility(1122): см. объявление "std::operator +"
     1>c:\users\андрей\documents\visual studio 2013\projects\texnopark\алгоритмы\модуль 2\7\контест\consoleapplication1\consoleapplication1\исходный код.cpp(127): error C2784: std::_Revranit<_RanIt,_Base> std::operator +(_Diff,const std::_Revranit<_RanIt,_Base> &): не удалось вывести аргумент шаблон для "const std::_Revranit<_RanIt,_Base> &" из "int"
                 c:\program files (x86)\microsoft visual studio 12.0\vc\include\xutility(927): см. объявление "std::operator +"
     1>c:\users\андрей\documents\visual studio 2013\projects\texnopark\алгоритмы\модуль 2\7\контест\consoleapplication1\consoleapplication1\исходный код.cpp(127): error C2676: бинарный "+": "BlackInt" не определяет этот оператор или преобразование к типу приемлемо к встроенному оператору
     1>c:\users\андрей\documents\visual studio 2013\projects\texnopark\алгоритмы\модуль 2\7\контест\consoleapplication1\consoleapplication1\исходный код.cpp(127): error C2677: бинарный "[": не найден глобальный оператор, принимающий тип "BlackInt" (или приемлемое преобразование отсутствует)
     1>c:\users\андрей\documents\visual studio 2013\projects\texnopark\алгоритмы\модуль 2\7\контест\consoleapplication1\consoleapplication1\исходный код.cpp(128): error C2784: std::_Deque_iterator<_Mydeque> std::operator +(_Deque_iterator<_Mydeque>::difference_type,std::_Deque_iterator<_Mydeque>): не удалось вывести аргумент шаблон для "std::_Deque_iterator<_Mydeque>" из "int"
                 c:\program files (x86)\microsoft visual studio 12.0\vc\include\deque(688): см. объявление "std::operator +"
     1>c:\users\андрей\documents\visual studio 2013\projects\texnopark\алгоритмы\модуль 2\7\контест\consoleapplication1\consoleapplication1\исходный код.cpp(128): error C2784: std::_Deque_const_iterator<_Mydeque> std::operator +(_Deque_const_iterator<_Mydeque>::difference_type,std::_Deque_const_iterator<_Mydeque>): не удалось вывести аргумент шаблон для "std::_Deque_const_iterator<_Mydeque>" из "int"
                 c:\program files (x86)\microsoft visual studio 12.0\vc\include\deque(555): см. объявление "std::operator +"
     1>c:\users\андрей\documents\visual studio 2013\projects\texnopark\алгоритмы\модуль 2\7\контест\consoleapplication1\consoleapplication1\исходный код.cpp(128): error C2784: std::_Deque_unchecked_iterator<_Mydeque> std::operator +(_Deque_unchecked_iterator<_Mydeque>::difference_type,std::_Deque_unchecked_iterator<_Mydeque>): не удалось вывести аргумент шаблон для "std::_Deque_unchecked_iterator<_Mydeque>" из "int"
                 c:\program files (x86)\microsoft visual studio 12.0\vc\include\deque(271): см. объявление "std::operator +"
     1>c:\users\андрей\documents\visual studio 2013\projects\texnopark\алгоритмы\модуль 2\7\контест\consoleapplication1\consoleapplication1\исходный код.cpp(128): error C2784: std::_Deque_unchecked_const_iterator<_Mydeque> std::operator +(_Deque_unchecked_const_iterator<_Mydeque>::difference_type,std::_Deque_unchecked_const_iterator<_Mydeque>): не удалось вывести аргумент шаблон для "std::_Deque_unchecked_const_iterator<_Mydeque>" из "int"
                 c:\program files (x86)\microsoft visual studio 12.0\vc\include\deque(166): см. объявление "std::operator +"
     1>c:\users\андрей\documents\visual studio 2013\projects\texnopark\алгоритмы\модуль 2\7\контест\consoleapplication1\consoleapplication1\исходный код.cpp(128): error C2784: std::_Vb_iterator<_Alloc> std::operator +(_Alloc::difference_type,std::_Vb_iterator<_Alloc>): не удалось вывести аргумент шаблон для "std::_Vb_iterator<_Alloc>" из "int"
                 c:\program files (x86)\microsoft visual studio 12.0\vc\include\vector(2298): см. объявление "std::operator +"
     1>c:\users\андрей\documents\visual studio 2013\projects\texnopark\алгоритмы\модуль 2\7\контест\consoleapplication1\consoleapplication1\исходный код.cpp(128): error C2784: std::_Vb_const_iterator<_Alloc> std::operator +(_Alloc::difference_type,std::_Vb_const_iterator<_Alloc>): не удалось вывести аргумент шаблон для "std::_Vb_const_iterator<_Alloc>" из "int"
                 c:\program files (x86)\microsoft visual studio 12.0\vc\include\vector(2191): см. объявление "std::operator +"
     1>c:\users\андрей\documents\visual studio 2013\projects\texnopark\алгоритмы\модуль 2\7\контест\consoleapplication1\consoleapplication1\исходный код.cpp(128): error C2784: std::_Vector_iterator<_Myvec> std::operator +(_Vector_iterator<_Myvec>::difference_type,std::_Vector_iterator<_Myvec>): не удалось вывести аргумент шаблон для "std::_Vector_iterator<_Myvec>" из "int"
                 c:\program files (x86)\microsoft visual studio 12.0\vc\include\vector(409): см. объявление "std::operator +"
     1>c:\users\андрей\documents\visual studio 2013\projects\texnopark\алгоритмы\модуль 2\7\контест\consoleapplication1\consoleapplication1\исходный код.cpp(128): error C2784: std::_Vector_const_iterator<_Myvec> std::operator +(_Vector_const_iterator<_Myvec>::difference_type,std::_Vector_const_iterator<_Myvec>): не удалось вывести аргумент шаблон для "std::_Vector_const_iterator<_Myvec>" из "int"
                 c:\program files (x86)\microsoft visual studio 12.0\vc\include\vector(278): см. объявление "std::operator +"
     1>c:\users\андрей\documents\visual studio 2013\projects\texnopark\алгоритмы\модуль 2\7\контест\consoleapplication1\consoleapplication1\исходный код.cpp(128): error C2784: std::basic_string<_Elem,_Traits,_Alloc> std::operator +(std::basic_string<_Elem,_Traits,_Alloc> &&,const _Elem): не удалось вывести аргумент шаблон для "std::basic_string<_Elem,_Traits,_Alloc> &&" из "BlackInt"
                 c:\program files (x86)\microsoft visual studio 12.0\vc\include\xstring(2455): см. объявление "std::operator +"
     1>c:\users\андрей\documents\visual studio 2013\projects\texnopark\алгоритмы\модуль 2\7\контест\consoleapplication1\consoleapplication1\исходный код.cpp(128): error C2784: std::basic_string<_Elem,_Traits,_Alloc> std::operator +(std::basic_string<_Elem,_Traits,_Alloc> &&,const _Elem *): не удалось вывести аргумент шаблон для "std::basic_string<_Elem,_Traits,_Alloc> &&" из "BlackInt"
                 c:\program files (x86)\microsoft visual studio 12.0\vc\include\xstring(2445): см. объявление "std::operator +"
     1>c:\users\андрей\documents\visual studio 2013\projects\texnopark\алгоритмы\модуль 2\7\контест\consoleapplication1\consoleapplication1\исходный код.cpp(128): error C2784: std::basic_string<_Elem,_Traits,_Alloc> std::operator +(const _Elem,std::basic_string<_Elem,_Traits,_Alloc> &&): не удалось вывести аргумент шаблон для "std::basic_string<_Elem,_Traits,_Alloc> &&" из "int"
                 c:\program files (x86)\microsoft visual studio 12.0\vc\include\xstring(2435): см. объявление "std::operator +"
     1>c:\users\андрей\documents\visual studio 2013\projects\texnopark\алгоритмы\модуль 2\7\контест\consoleapplication1\consoleapplication1\исходный код.cpp(128): error C2784: std::basic_string<_Elem,_Traits,_Alloc> std::operator +(const _Elem *,std::basic_string<_Elem,_Traits,_Alloc> &&): не удалось вывести аргумент шаблон для "const _Elem *" из "BlackInt"
                 c:\program files (x86)\microsoft visual studio 12.0\vc\include\xstring(2425): см. объявление "std::operator +"
     1>c:\users\андрей\documents\visual studio 2013\projects\texnopark\алгоритмы\модуль 2\7\контест\consoleapplication1\consoleapplication1\исходный код.cpp(128): error C2784: std::basic_string<_Elem,_Traits,_Alloc> std::operator +(std::basic_string<_Elem,_Traits,_Alloc> &&,std::basic_string<_Elem,_Traits,_Alloc> &&): не удалось вывести аргумент шаблон для "std::basic_string<_Elem,_Traits,_Alloc> &&" из "BlackInt"
                 c:\program files (x86)\microsoft visual studio 12.0\vc\include\xstring(2411): см. объявление "std::operator +"
     1>c:\users\андрей\documents\visual studio 2013\projects\texnopark\алгоритмы\модуль 2\7\контест\consoleapplication1\consoleapplication1\исходный код.cpp(128): error C2784: std::basic_string<_Elem,_Traits,_Alloc> std::operator +(std::basic_string<_Elem,_Traits,_Alloc> &&,const std::basic_string<_Elem,_Traits,_Alloc> &): не удалось вывести аргумент шаблон для "std::basic_string<_Elem,_Traits,_Alloc> &&" из "BlackInt"
                 c:\program files (x86)\microsoft visual studio 12.0\vc\include\xstring(2401): см. объявление "std::operator +"
     1>c:\users\андрей\documents\visual studio 2013\projects\texnopark\алгоритмы\модуль 2\7\контест\consoleapplication1\consoleapplication1\исходный код.cpp(128): error C2784: std::basic_string<_Elem,_Traits,_Alloc> std::operator +(const std::basic_string<_Elem,_Traits,_Alloc> &,std::basic_string<_Elem,_Traits,_Alloc> &&): не удалось вывести аргумент шаблон для "const std::basic_string<_Elem,_Traits,_Alloc> &" из "BlackInt"
                 c:\program files (x86)\microsoft visual studio 12.0\vc\include\xstring(2391): см. объявление "std::operator +"
     1>c:\users\андрей\documents\visual studio 2013\projects\texnopark\алгоритмы\модуль 2\7\контест\consoleapplication1\consoleapplication1\исходный код.cpp(128): error C2784: std::basic_string<_Elem,_Traits,_Alloc> std::operator +(const std::basic_string<_Elem,_Traits,_Alloc> &,const _Elem): не удалось вывести аргумент шаблон для "const std::basic_string<_Elem,_Traits,_Alloc> &" из "BlackInt"
                 c:\program files (x86)\microsoft visual studio 12.0\vc\include\xstring(2377): см. объявление "std::operator +"
     1>c:\users\андрей\documents\visual studio 2013\projects\texnopark\алгоритмы\модуль 2\7\контест\consoleapplication1\consoleapplication1\исходный код.cpp(128): error C2784: std::basic_string<_Elem,_Traits,_Alloc> std::operator +(const std::basic_string<_Elem,_Traits,_Alloc> &,const _Elem *): не удалось вывести аргумент шаблон для "const std::basic_string<_Elem,_Traits,_Alloc> &" из "BlackInt"
                 c:\program files (x86)\microsoft visual studio 12.0\vc\include\xstring(2363): см. объявление "std::operator +"
     1>c:\users\андрей\documents\visual studio 2013\projects\texnopark\алгоритмы\модуль 2\7\контест\consoleapplication1\consoleapplication1\исходный код.cpp(128): error C2784: std::basic_string<_Elem,_Traits,_Alloc> std::operator +(const _Elem,const std::basic_string<_Elem,_Traits,_Alloc> &): не удалось вывести аргумент шаблон для "const std::basic_string<_Elem,_Traits,_Alloc> &" из "int"
                 c:\program files (x86)\microsoft visual studio 12.0\vc\include\xstring(2349): см. объявление "std::operator +"
     1>c:\users\андрей\documents\visual studio 2013\projects\texnopark\алгоритмы\модуль 2\7\контест\consoleapplication1\consoleapplication1\исходный код.cpp(128): error C2784: std::basic_string<_Elem,_Traits,_Alloc> std::operator +(const _Elem *,const std::basic_string<_Elem,_Traits,_Alloc> &): не удалось вывести аргумент шаблон для "const _Elem *" из "BlackInt"
                 c:\program files (x86)\microsoft visual studio 12.0\vc\include\xstring(2335): см. объявление "std::operator +"
     1>c:\users\андрей\documents\visual studio 2013\projects\texnopark\алгоритмы\модуль 2\7\контест\consoleapplication1\consoleapplication1\исходный код.cpp(128): error C2784: std::basic_string<_Elem,_Traits,_Alloc> std::operator +(const std::basic_string<_Elem,_Traits,_Alloc> &,const std::basic_string<_Elem,_Traits,_Alloc> &): не удалось вывести аргумент шаблон для "const std::basic_string<_Elem,_Traits,_Alloc> &" из "BlackInt"
                 c:\program files (x86)\microsoft visual studio 12.0\vc\include\xstring(2321): см. объявление "std::operator +"
     1>c:\users\андрей\documents\visual studio 2013\projects\texnopark\алгоритмы\модуль 2\7\контест\consoleapplication1\consoleapplication1\исходный код.cpp(128): error C2784: std::_String_iterator<_Mystr> std::operator +(_String_iterator<_Mystr>::difference_type,std::_String_iterator<_Mystr>): не удалось вывести аргумент шаблон для "std::_String_iterator<_Mystr>" из "int"
                 c:\program files (x86)\microsoft visual studio 12.0\vc\include\xstring(420): см. объявление "std::operator +"
     1>c:\users\андрей\documents\visual studio 2013\projects\texnopark\алгоритмы\модуль 2\7\контест\consoleapplication1\consoleapplication1\исходный код.cpp(128): error C2784: std::_String_const_iterator<_Mystr> std::operator +(_String_const_iterator<_Mystr>::difference_type,std::_String_const_iterator<_Mystr>): не удалось вывести аргумент шаблон для "std::_String_const_iterator<_Mystr>" из "int"
                 c:\program files (x86)\microsoft visual studio 12.0\vc\include\xstring(288): см. объявление "std::operator +"
     1>c:\users\андрей\documents\visual studio 2013\projects\texnopark\алгоритмы\модуль 2\7\контест\consoleapplication1\consoleapplication1\исходный код.cpp(128): error C2784: std::move_iterator<_RanIt> std::operator +(_Diff,const std::move_iterator<_RanIt> &): не удалось вывести аргумент шаблон для "const std::move_iterator<_RanIt> &" из "int"
                 c:\program files (x86)\microsoft visual studio 12.0\vc\include\xutility(1961): см. объявление "std::operator +"
     1>c:\users\андрей\documents\visual studio 2013\projects\texnopark\алгоритмы\модуль 2\7\контест\consoleapplication1\consoleapplication1\исходный код.cpp(128): error C2784: std::_Array_iterator<_Ty,_Size> std::operator +(_Array_iterator<_Ty,_Size>::difference_type,std::_Array_iterator<_Ty,_Size>): не удалось вывести аргумент шаблон для "std::_Array_iterator<_Ty,_Size>" из "int"
                 c:\program files (x86)\microsoft visual studio 12.0\vc\include\xutility(1815): см. объявление "std::operator +"
     1>c:\users\андрей\documents\visual studio 2013\projects\texnopark\алгоритмы\модуль 2\7\контест\consoleapplication1\consoleapplication1\исходный код.cpp(128): error C2784: std::_Array_const_iterator<_Ty,_Size> std::operator +(_Array_const_iterator<_Ty,_Size>::difference_type,std::_Array_const_iterator<_Ty,_Size>): не удалось вывести аргумент шаблон для "std::_Array_const_iterator<_Ty,_Size>" из "int"
                 c:\program files (x86)\microsoft visual studio 12.0\vc\include\xutility(1676): см. объявление "std::operator +"
     1>c:\users\андрей\documents\visual studio 2013\projects\texnopark\алгоритмы\модуль 2\7\контест\consoleapplication1\consoleapplication1\исходный код.cpp(128): error C2784: std::reverse_iterator<_RanIt> std::operator +(_Diff,const std::reverse_iterator<_RanIt> &): не удалось вывести аргумент шаблон для "const std::reverse_iterator<_RanIt> &" из "int"
                 c:\program files (x86)\microsoft visual studio 12.0\vc\include\xutility(1122): см. объявление "std::operator +"
     1>c:\users\андрей\documents\visual studio 2013\projects\texnopark\алгоритмы\модуль 2\7\контест\consoleapplication1\consoleapplication1\исходный код.cpp(128): error C2784: std::_Revranit<_RanIt,_Base> std::operator +(_Diff,const std::_Revranit<_RanIt,_Base> &): не удалось вывести аргумент шаблон для "const std::_Revranit<_RanIt,_Base> &" из "int"
                 c:\program files (x86)\microsoft visual studio 12.0\vc\include\xutility(927): см. объявление "std::operator +"
     1>c:\users\андрей\documents\visual studio 2013\projects\texnopark\алгоритмы\модуль 2\7\контест\consoleapplication1\consoleapplication1\исходный код.cpp(128): error C2676: бинарный "+": "BlackInt" не определяет этот оператор или преобразование к типу приемлемо к встроенному оператору
     1>c:\users\андрей\documents\visual studio 2013\projects\texnopark\алгоритмы\модуль 2\7\контест\consoleapplication1\consoleapplication1\исходный код.cpp(143): error C2440: инициализация: невозможно преобразовать "int" в "BlackInt"
                 Конструктор для class "BlackInt" объявлен как "explicit"
     1>c:\users\андрей\documents\visual studio 2013\projects\texnopark\алгоритмы\модуль 2\7\контест\consoleapplication1\consoleapplication1\исходный код.cpp(144): error C2677: бинарный "[": не найден глобальный оператор, принимающий тип "BlackInt" (или приемлемое преобразование отсутствует)
     1>c:\users\андрей\documents\visual studio 2013\projects\texnopark\алгоритмы\модуль 2\7\контест\consoleapplication1\consoleapplication1\исходный код.cpp(144): error C2784: unknown-type std::operator -(std::move_iterator<_RanIt> &,const std::move_iterator<_RanIt2> &): не удалось вывести аргумент шаблон для "std::move_iterator<_RanIt> &" из "BlackInt"
                 c:\program files (x86)\microsoft visual studio 12.0\vc\include\xutility(1969): см. объявление "std::operator -"
     1>c:\users\андрей\documents\visual studio 2013\projects\texnopark\алгоритмы\модуль 2\7\контест\consoleapplication1\consoleapplication1\исходный код.cpp(144): error C2784: unknown-type std::operator -(const std::reverse_iterator<_RanIt> &,const std::reverse_iterator<_RanIt2> &): не удалось вывести аргумент шаблон для "const std::reverse_iterator<_RanIt> &" из "BlackInt"
                 c:\program files (x86)\microsoft visual studio 12.0\vc\include\xutility(1130): см. объявление "std::operator -"
     1>c:\users\андрей\documents\visual studio 2013\projects\texnopark\алгоритмы\модуль 2\7\контест\consoleapplication1\consoleapplication1\исходный код.cpp(144): error C2784: unknown-type std::operator -(const std::_Revranit<_RanIt,_Base> &,const std::_Revranit<_RanIt2,_Base2> &): не удалось вывести аргумент шаблон для "const std::_Revranit<_RanIt,_Base> &" из "BlackInt"
                 c:\program files (x86)\microsoft visual studio 12.0\vc\include\xutility(937): см. объявление "std::operator -"
     1>c:\users\андрей\documents\visual studio 2013\projects\texnopark\алгоритмы\модуль 2\7\контест\consoleapplication1\consoleapplication1\исходный код.cpp(144): error C2676: бинарный "-": "BlackInt" не определяет этот оператор или преобразование к типу приемлемо к встроенному оператору
     1>c:\users\андрей\documents\visual studio 2013\projects\texnopark\алгоритмы\модуль 2\7\контест\consoleapplication1\consoleapplication1\исходный код.cpp(144): error C2784: std::_Deque_iterator<_Mydeque> std::operator +(_Deque_iterator<_Mydeque>::difference_type,std::_Deque_iterator<_Mydeque>): не удалось вывести аргумент шаблон для "std::_Deque_iterator<_Mydeque>" из "BlackInt"
                 c:\program files (x86)\microsoft visual studio 12.0\vc\include\deque(688): см. объявление "std::operator +"
     1>c:\users\андрей\documents\visual studio 2013\projects\texnopark\алгоритмы\модуль 2\7\контест\consoleapplication1\consoleapplication1\исходный код.cpp(144): error C2784: std::_Deque_const_iterator<_Mydeque> std::operator +(_Deque_const_iterator<_Mydeque>::difference_type,std::_Deque_const_iterator<_Mydeque>): не удалось вывести аргумент шаблон для "std::_Deque_const_iterator<_Mydeque>" из "BlackInt"
                 c:\program files (x86)\microsoft visual studio 12.0\vc\include\deque(555): см. объявление "std::operator +"
     1>c:\users\андрей\documents\visual studio 2013\projects\texnopark\алгоритмы\модуль 2\7\контест\consoleapplication1\consoleapplication1\исходный код.cpp(144): error C2784: std::_Deque_unchecked_iterator<_Mydeque> std::operator +(_Deque_unchecked_iterator<_Mydeque>::difference_type,std::_Deque_unchecked_iterator<_Mydeque>): не удалось вывести аргумент шаблон для "std::_Deque_unchecked_iterator<_Mydeque>" из "BlackInt"
                 c:\program files (x86)\microsoft visual studio 12.0\vc\include\deque(271): см. объявление "std::operator +"
     1>c:\users\андрей\documents\visual studio 2013\projects\texnopark\алгоритмы\модуль 2\7\контест\consoleapplication1\consoleapplication1\исходный код.cpp(144): error C2784: std::_Deque_unchecked_const_iterator<_Mydeque> std::operator +(_Deque_unchecked_const_iterator<_Mydeque>::difference_type,std::_Deque_unchecked_const_iterator<_Mydeque>): не удалось вывести аргумент шаблон для "std::_Deque_unchecked_const_iterator<_Mydeque>" из "BlackInt"
                 c:\program files (x86)\microsoft visual studio 12.0\vc\include\deque(166): см. объявление "std::operator +"
     1>c:\users\андрей\documents\visual studio 2013\projects\texnopark\алгоритмы\модуль 2\7\контест\consoleapplication1\consoleapplication1\исходный код.cpp(144): error C2784: std::_Vb_iterator<_Alloc> std::operator +(_Alloc::difference_type,std::_Vb_iterator<_Alloc>): не удалось вывести аргумент шаблон для "std::_Vb_iterator<_Alloc>" из "BlackInt"
                 c:\program files (x86)\microsoft visual studio 12.0\vc\include\vector(2298): см. объявление "std::operator +"
     1>c:\users\андрей\documents\visual studio 2013\projects\texnopark\алгоритмы\модуль 2\7\контест\consoleapplication1\consoleapplication1\исходный код.cpp(144): error C2784: std::_Vb_const_iterator<_Alloc> std::operator +(_Alloc::difference_type,std::_Vb_const_iterator<_Alloc>): не удалось вывести аргумент шаблон для "std::_Vb_const_iterator<_Alloc>" из "BlackInt"
                 c:\program files (x86)\microsoft visual studio 12.0\vc\include\vector(2191): см. объявление "std::operator +"
     1>c:\users\андрей\documents\visual studio 2013\projects\texnopark\алгоритмы\модуль 2\7\контест\consoleapplication1\consoleapplication1\исходный код.cpp(144): error C2784: std::_Vector_iterator<_Myvec> std::operator +(_Vector_iterator<_Myvec>::difference_type,std::_Vector_iterator<_Myvec>): не удалось вывести аргумент шаблон для "std::_Vector_iterator<_Myvec>" из "BlackInt"
                 c:\program files (x86)\microsoft visual studio 12.0\vc\include\vector(409): см. объявление "std::operator +"
     1>c:\users\андрей\documents\visual studio 2013\projects\texnopark\алгоритмы\модуль 2\7\контест\consoleapplication1\consoleapplication1\исходный код.cpp(144): error C2784: std::_Vector_const_iterator<_Myvec> std::operator +(_Vector_const_iterator<_Myvec>::difference_type,std::_Vector_const_iterator<_Myvec>): не удалось вывести аргумент шаблон для "std::_Vector_const_iterator<_Myvec>" из "BlackInt"
                 c:\program files (x86)\microsoft visual studio 12.0\vc\include\vector(278): см. объявление "std::operator +"
     1>c:\users\андрей\documents\visual studio 2013\projects\texnopark\алгоритмы\модуль 2\7\контест\consoleapplication1\consoleapplication1\исходный код.cpp(144): error C2784: std::basic_string<_Elem,_Traits,_Alloc> std::operator +(std::basic_string<_Elem,_Traits,_Alloc> &&,const _Elem): не удалось вывести аргумент шаблон для "std::basic_string<_Elem,_Traits,_Alloc> &&" из "BlackInt"
                 c:\program files (x86)\microsoft visual studio 12.0\vc\include\xstring(2455): см. объявление "std::operator +"
     1>c:\users\андрей\documents\visual studio 2013\projects\texnopark\алгоритмы\модуль 2\7\контест\consoleapplication1\consoleapplication1\исходный код.cpp(144): error C2784: std::basic_string<_Elem,_Traits,_Alloc> std::operator +(std::basic_string<_Elem,_Traits,_Alloc> &&,const _Elem *): не удалось вывести аргумент шаблон для "std::basic_string<_Elem,_Traits,_Alloc> &&" из "BlackInt"
                 c:\program files (x86)\microsoft visual studio 12.0\vc\include\xstring(2445): см. объявление "std::operator +"
     1>c:\users\андрей\documents\visual studio 2013\projects\texnopark\алгоритмы\модуль 2\7\контест\consoleapplication1\consoleapplication1\исходный код.cpp(144): error C2784: std::basic_string<_Elem,_Traits,_Alloc> std::operator +(const _Elem,std::basic_string<_Elem,_Traits,_Alloc> &&): не удалось вывести аргумент шаблон для "std::basic_string<_Elem,_Traits,_Alloc> &&" из "BlackInt"
                 c:\program files (x86)\microsoft visual studio 12.0\vc\include\xstring(2435): см. объявление "std::operator +"
     1>c:\users\андрей\documents\visual studio 2013\projects\texnopark\алгоритмы\модуль 2\7\контест\consoleapplication1\consoleapplication1\исходный код.cpp(144): error C2784: std::basic_string<_Elem,_Traits,_Alloc> std::operator +(const _Elem *,std::basic_string<_Elem,_Traits,_Alloc> &&): не удалось вывести аргумент шаблон для "const _Elem *" из "BlackInt"
                 c:\program files (x86)\microsoft visual studio 12.0\vc\include\xstring(2425): см. объявление "std::operator +"
     1>c:\users\андрей\documents\visual studio 2013\projects\texnopark\алгоритмы\модуль 2\7\контест\consoleapplication1\consoleapplication1\исходный код.cpp(144): error C2784: std::basic_string<_Elem,_Traits,_Alloc> std::operator +(std::basic_string<_Elem,_Traits,_Alloc> &&,std::basic_string<_Elem,_Traits,_Alloc> &&): не удалось вывести аргумент шаблон для "std::basic_string<_Elem,_Traits,_Alloc> &&" из "BlackInt"
                 c:\program files (x86)\microsoft visual studio 12.0\vc\include\xstring(2411): см. объявление "std::operator +"
     1>c:\users\андрей\documents\visual studio 2013\projects\texnopark\алгоритмы\модуль 2\7\контест\consoleapplication1\consoleapplication1\исходный код.cpp(144): error C2784: std::basic_string<_Elem,_Traits,_Alloc> std::operator +(std::basic_string<_Elem,_Traits,_Alloc> &&,const std::basic_string<_Elem,_Traits,_Alloc> &): не удалось вывести аргумент шаблон для "std::basic_string<_Elem,_Traits,_Alloc> &&" из "BlackInt"
                 c:\program files (x86)\microsoft visual studio 12.0\vc\include\xstring(2401): см. объявление "std::operator +"
     1>c:\users\андрей\documents\visual studio 2013\projects\texnopark\алгоритмы\модуль 2\7\контест\consoleapplication1\consoleapplication1\исходный код.cpp(144): error C2784: std::basic_string<_Elem,_Traits,_Alloc> std::operator +(const std::basic_string<_Elem,_Traits,_Alloc> &,std::basic_string<_Elem,_Traits,_Alloc> &&): не удалось вывести аргумент шаблон для "const std::basic_string<_Elem,_Traits,_Alloc> &" из "BlackInt"
                 c:\program files (x86)\microsoft visual studio 12.0\vc\include\xstring(2391): см. объявление "std::operator +"
     1>c:\users\андрей\documents\visual studio 2013\projects\texnopark\алгоритмы\модуль 2\7\контест\consoleapplication1\consoleapplication1\исходный код.cpp(144): error C2784: std::basic_string<_Elem,_Traits,_Alloc> std::operator +(const std::basic_string<_Elem,_Traits,_Alloc> &,const _Elem): не удалось вывести аргумент шаблон для "const std::basic_string<_Elem,_Traits,_Alloc> &" из "BlackInt"
                 c:\program files (x86)\microsoft visual studio 12.0\vc\include\xstring(2377): см. объявление "std::operator +"
     1>c:\users\андрей\documents\visual studio 2013\projects\texnopark\алгоритмы\модуль 2\7\контест\consoleapplication1\consoleapplication1\исходный код.cpp(144): error C2784: std::basic_string<_Elem,_Traits,_Alloc> std::operator +(const std::basic_string<_Elem,_Traits,_Alloc> &,const _Elem *): не удалось вывести аргумент шаблон для "const std::basic_string<_Elem,_Traits,_Alloc> &" из "BlackInt"
                 c:\program files (x86)\microsoft visual studio 12.0\vc\include\xstring(2363): см. объявление "std::operator +"
     1>c:\users\андрей\documents\visual studio 2013\projects\texnopark\алгоритмы\модуль 2\7\контест\consoleapplication1\consoleapplication1\исходный код.cpp(144): error C2784: std::basic_string<_Elem,_Traits,_Alloc> std::operator +(const _Elem,const std::basic_string<_Elem,_Traits,_Alloc> &): не удалось вывести аргумент шаблон для "const std::basic_string<_Elem,_Traits,_Alloc> &" из "BlackInt"
                 c:\program files (x86)\microsoft visual studio 12.0\vc\include\xstring(2349): см. объявление "std::operator +"
     1>c:\users\андрей\documents\visual studio 2013\projects\texnopark\алгоритмы\модуль 2\7\контест\consoleapplication1\consoleapplication1\исходный код.cpp(144): error C2784: std::basic_string<_Elem,_Traits,_Alloc> std::operator +(const _Elem *,const std::basic_string<_Elem,_Traits,_Alloc> &): не удалось вывести аргумент шаблон для "const _Elem *" из "BlackInt"
                 c:\program files (x86)\microsoft visual studio 12.0\vc\include\xstring(2335): см. объявление "std::operator +"
     1>c:\users\андрей\documents\visual studio 2013\projects\texnopark\алгоритмы\модуль 2\7\контест\consoleapplication1\consoleapplication1\исходный код.cpp(144): error C2784: std::basic_string<_Elem,_Traits,_Alloc> std::operator +(const std::basic_string<_Elem,_Traits,_Alloc> &,const std::basic_string<_Elem,_Traits,_Alloc> &): не удалось вывести аргумент шаблон для "const std::basic_string<_Elem,_Traits,_Alloc> &" из "BlackInt"
                 c:\program files (x86)\microsoft visual studio 12.0\vc\include\xstring(2321): см. объявление "std::operator +"
     1>c:\users\андрей\documents\visual studio 2013\projects\texnopark\алгоритмы\модуль 2\7\контест\consoleapplication1\consoleapplication1\исходный код.cpp(144): error C2784: std::_String_iterator<_Mystr> std::operator +(_String_iterator<_Mystr>::difference_type,std::_String_iterator<_Mystr>): не удалось вывести аргумент шаблон для "std::_String_iterator<_Mystr>" из "BlackInt"
                 c:\program files (x86)\microsoft visual studio 12.0\vc\include\xstring(420): см. объявление "std::operator +"
     1>c:\users\андрей\documents\visual studio 2013\projects\texnopark\алгоритмы\модуль 2\7\контест\consoleapplication1\consoleapplication1\исходный код.cpp(144): error C2784: std::_String_const_iterator<_Mystr> std::operator +(_String_const_iterator<_Mystr>::difference_type,std::_String_const_iterator<_Mystr>): не удалось вывести аргумент шаблон для "std::_String_const_iterator<_Mystr>" из "BlackInt"
                 c:\program files (x86)\microsoft visual studio 12.0\vc\include\xstring(288): см. объявление "std::operator +"
     1>c:\users\андрей\documents\visual studio 2013\projects\texnopark\алгоритмы\модуль 2\7\контест\consoleapplication1\consoleapplication1\исходный код.cpp(144): error C2784: std::move_iterator<_RanIt> std::operator +(_Diff,const std::move_iterator<_RanIt> &): не удалось вывести аргумент шаблон для "const std::move_iterator<_RanIt> &" из "BlackInt"
                 c:\program files (x86)\microsoft visual studio 12.0\vc\include\xutility(1961): см. объявление "std::operator +"
     1>c:\users\андрей\documents\visual studio 2013\projects\texnopark\алгоритмы\модуль 2\7\контест\consoleapplication1\consoleapplication1\исходный код.cpp(144): error C2784: std::_Array_iterator<_Ty,_Size> std::operator +(_Array_iterator<_Ty,_Size>::difference_type,std::_Array_iterator<_Ty,_Size>): не удалось вывести аргумент шаблон для "std::_Array_iterator<_Ty,_Size>" из "BlackInt"
                 c:\program files (x86)\microsoft visual studio 12.0\vc\include\xutility(1815): см. объявление "std::operator +"
     1>c:\users\андрей\documents\visual studio 2013\projects\texnopark\алгоритмы\модуль 2\7\контест\consoleapplication1\consoleapplication1\исходный код.cpp(144): error C2784: std::_Array_const_iterator<_Ty,_Size> std::operator +(_Array_const_iterator<_Ty,_Size>::difference_type,std::_Array_const_iterator<_Ty,_Size>): не удалось вывести аргумент шаблон для "std::_Array_const_iterator<_Ty,_Size>" из "BlackInt"
                 c:\program files (x86)\microsoft visual studio 12.0\vc\include\xutility(1676): см. объявление "std::operator +"
     1>c:\users\андрей\documents\visual studio 2013\projects\texnopark\алгоритмы\модуль 2\7\контест\consoleapplication1\consoleapplication1\исходный код.cpp(144): error C2784: std::reverse_iterator<_RanIt> std::operator +(_Diff,const std::reverse_iterator<_RanIt> &): не удалось вывести аргумент шаблон для "const std::reverse_iterator<_RanIt> &" из "BlackInt"
                 c:\program files (x86)\microsoft visual studio 12.0\vc\include\xutility(1122): см. объявление "std::operator +"
     1>c:\users\андрей\documents\visual studio 2013\projects\texnopark\алгоритмы\модуль 2\7\контест\consoleapplication1\consoleapplication1\исходный код.cpp(144): error C2784: std::_Revranit<_RanIt,_Base> std::operator +(_Diff,const std::_Revranit<_RanIt,_Base> &): не удалось вывести аргумент шаблон для "const std::_Revranit<_RanIt,_Base> &" из "BlackInt"
                 c:\program files (x86)\microsoft visual studio 12.0\vc\include\xutility(927): см. объявление "std::operator +"
     1>c:\users\андрей\documents\visual studio 2013\projects\texnopark\алгоритмы\модуль 2\7\контест\consoleapplication1\consoleapplication1\исходный код.cpp(144): fatal error C1003: число ошибок превышает 100; остановка компиляции
     1>Сборка проекта "C:\Users\Андрей\Documents\Visual Studio 2013\Projects\Texnopark\Алгоритмы\модуль 2\7\контест\ConsoleApplication1\ConsoleApplication1\ConsoleApplication1.vcxproj" завершена (целевые объекты Build) с ошибкой.

Ошибка сборки.

Затраченное время: 00:00:00.39
